<?xml version="1.0" encoding="UTF-8"?>
<testsuite name="com.ceiba.biblioteca.dominio.unitaria.ServicioBibliotecarioTest" tests="2" skipped="0" failures="0" errors="0" timestamp="2020-10-30T11:32:27" hostname="Joses-iMac.local" time="0.223">
  <properties/>
  <testcase name="libroNoEstaPrestadoTest" classname="com.ceiba.biblioteca.dominio.unitaria.ServicioBibliotecarioTest" time="0.221"/>
  <testcase name="libroYaEstaPrestadoTest" classname="com.ceiba.biblioteca.dominio.unitaria.ServicioBibliotecarioTest" time="0.001"/>
  <system-out><![CDATA[]]></system-out>
  <system-err><![CDATA[]]></system-err>
</testsuite>
