<?xml version="1.0" encoding="UTF-8"?>
<testsuite name="com.ceiba.biblioteca.infraestructura.ControladorLibroTest" tests="2" skipped="0" failures="0" errors="0" timestamp="2020-10-30T11:32:55" hostname="Joses-iMac.local" time="0.765">
  <properties/>
  <testcase name="getLibroPorIsbn" classname="com.ceiba.biblioteca.infraestructura.ControladorLibroTest" time="0.595"/>
  <testcase name="crearLibro" classname="com.ceiba.biblioteca.infraestructura.ControladorLibroTest" time="0.169"/>
  <system-out><![CDATA[06:32:28.298 [Test worker] DEBUG org.springframework.test.context.junit4.SpringJUnit4ClassRunner - SpringJUnit4ClassRunner constructor called with [class com.ceiba.biblioteca.infraestructura.ControladorLibroTest]
06:32:28.321 [Test worker] DEBUG org.springframework.test.context.BootstrapUtils - Instantiating CacheAwareContextLoaderDelegate from class [org.springframework.test.context.cache.DefaultCacheAwareContextLoaderDelegate]
06:32:28.396 [Test worker] DEBUG org.springframework.test.context.BootstrapUtils - Instantiating BootstrapContext using constructor [public org.springframework.test.context.support.DefaultBootstrapContext(java.lang.Class,org.springframework.test.context.CacheAwareContextLoaderDelegate)]
06:32:28.491 [Test worker] DEBUG org.springframework.test.context.BootstrapUtils - Instantiating TestContextBootstrapper for test class [com.ceiba.biblioteca.infraestructura.ControladorLibroTest] from class [org.springframework.boot.test.context.SpringBootTestContextBootstrapper]
06:32:28.535 [Test worker] INFO org.springframework.boot.test.context.SpringBootTestContextBootstrapper - Neither @ContextConfiguration nor @ContextHierarchy found for test class [com.ceiba.biblioteca.infraestructura.ControladorLibroTest], using SpringBootContextLoader
06:32:28.546 [Test worker] DEBUG org.springframework.test.context.support.AbstractContextLoader - Did not detect default resource location for test class [com.ceiba.biblioteca.infraestructura.ControladorLibroTest]: class path resource [com/ceiba/biblioteca/infraestructura/ControladorLibroTest-context.xml] does not exist
06:32:28.547 [Test worker] DEBUG org.springframework.test.context.support.AbstractContextLoader - Did not detect default resource location for test class [com.ceiba.biblioteca.infraestructura.ControladorLibroTest]: class path resource [com/ceiba/biblioteca/infraestructura/ControladorLibroTestContext.groovy] does not exist
06:32:28.547 [Test worker] INFO org.springframework.test.context.support.AbstractContextLoader - Could not detect default resource locations for test class [com.ceiba.biblioteca.infraestructura.ControladorLibroTest]: no resource found for suffixes {-context.xml, Context.groovy}.
06:32:28.549 [Test worker] INFO org.springframework.test.context.support.AnnotationConfigContextLoaderUtils - Could not detect default configuration classes for test class [com.ceiba.biblioteca.infraestructura.ControladorLibroTest]: ControladorLibroTest does not declare any static, non-private, non-final, nested classes annotated with @Configuration.
06:32:28.706 [Test worker] DEBUG org.springframework.test.context.support.ActiveProfilesUtils - Could not find an 'annotation declaring class' for annotation type [org.springframework.test.context.ActiveProfiles] and class [com.ceiba.biblioteca.infraestructura.ControladorLibroTest]
06:32:29.075 [Test worker] DEBUG org.springframework.context.annotation.ClassPathScanningCandidateComponentProvider - Identified candidate component class: file [/Users/joalsaoss/jobs/ceiba/biblioteca_prueba/build/classes/java/main/com/ceiba/biblioteca/BibliotecaApplication.class]
06:32:29.077 [Test worker] INFO org.springframework.boot.test.context.SpringBootTestContextBootstrapper - Found @SpringBootConfiguration com.ceiba.biblioteca.BibliotecaApplication for test class com.ceiba.biblioteca.infraestructura.ControladorLibroTest
06:32:29.531 [Test worker] DEBUG org.springframework.boot.test.context.SpringBootTestContextBootstrapper - @TestExecutionListeners is not present for class [com.ceiba.biblioteca.infraestructura.ControladorLibroTest]: using defaults.
06:32:29.532 [Test worker] INFO org.springframework.boot.test.context.SpringBootTestContextBootstrapper - Loaded default TestExecutionListener class names from location [META-INF/spring.factories]: [org.springframework.boot.test.autoconfigure.restdocs.RestDocsTestExecutionListener, org.springframework.boot.test.autoconfigure.web.client.MockRestServiceServerResetTestExecutionListener, org.springframework.boot.test.autoconfigure.web.servlet.MockMvcPrintOnlyOnFailureTestExecutionListener, org.springframework.boot.test.autoconfigure.web.servlet.WebDriverTestExecutionListener, org.springframework.boot.test.mock.mockito.MockitoTestExecutionListener, org.springframework.boot.test.mock.mockito.ResetMocksTestExecutionListener, org.springframework.test.context.web.ServletTestExecutionListener, org.springframework.test.context.support.DirtiesContextBeforeModesTestExecutionListener, org.springframework.test.context.support.DependencyInjectionTestExecutionListener, org.springframework.test.context.support.DirtiesContextTestExecutionListener, org.springframework.test.context.transaction.TransactionalTestExecutionListener, org.springframework.test.context.jdbc.SqlScriptsTestExecutionListener]
06:32:29.616 [Test worker] INFO org.springframework.boot.test.context.SpringBootTestContextBootstrapper - Using TestExecutionListeners: [org.springframework.test.context.web.ServletTestExecutionListener@416c4a28, org.springframework.test.context.support.DirtiesContextBeforeModesTestExecutionListener@70eb36be, org.springframework.boot.test.mock.mockito.MockitoTestExecutionListener@56154e9c, org.springframework.boot.test.autoconfigure.SpringBootDependencyInjectionTestExecutionListener@39624701, org.springframework.test.context.support.DirtiesContextTestExecutionListener@1a7c670f, org.springframework.test.context.transaction.TransactionalTestExecutionListener@330bec38, org.springframework.test.context.jdbc.SqlScriptsTestExecutionListener@4f96356b, org.springframework.boot.test.autoconfigure.restdocs.RestDocsTestExecutionListener@646729d7, org.springframework.boot.test.autoconfigure.web.client.MockRestServiceServerResetTestExecutionListener@1d5a6e4b, org.springframework.boot.test.autoconfigure.web.servlet.MockMvcPrintOnlyOnFailureTestExecutionListener@71dc3bf4, org.springframework.boot.test.autoconfigure.web.servlet.WebDriverTestExecutionListener@f1f65c9, org.springframework.boot.test.mock.mockito.ResetMocksTestExecutionListener@52ebcc6c]
06:32:29.618 [Test worker] DEBUG org.springframework.test.annotation.ProfileValueUtils - Retrieved @ProfileValueSourceConfiguration [null] for test class [com.ceiba.biblioteca.infraestructura.ControladorLibroTest]
06:32:29.619 [Test worker] DEBUG org.springframework.test.annotation.ProfileValueUtils - Retrieved ProfileValueSource type [class org.springframework.test.annotation.SystemProfileValueSource] for class [com.ceiba.biblioteca.infraestructura.ControladorLibroTest]
06:32:29.619 [Test worker] DEBUG org.springframework.test.annotation.ProfileValueUtils - Retrieved @ProfileValueSourceConfiguration [null] for test class [com.ceiba.biblioteca.infraestructura.ControladorLibroTest]
06:32:29.620 [Test worker] DEBUG org.springframework.test.annotation.ProfileValueUtils - Retrieved ProfileValueSource type [class org.springframework.test.annotation.SystemProfileValueSource] for class [com.ceiba.biblioteca.infraestructura.ControladorLibroTest]
06:32:29.625 [Test worker] DEBUG org.springframework.test.context.support.AbstractDirtiesContextTestExecutionListener - Before test class: context [DefaultTestContext@4d83757e testClass = ControladorLibroTest, testInstance = [null], testMethod = [null], testException = [null], mergedContextConfiguration = [WebMergedContextConfiguration@7110695c testClass = ControladorLibroTest, locations = '{}', classes = '{class com.ceiba.biblioteca.BibliotecaApplication}', contextInitializerClasses = '[]', activeProfiles = '{}', propertySourceLocations = '{}', propertySourceProperties = '{org.springframework.boot.test.context.SpringBootTestContextBootstrapper=true}', contextCustomizers = set[org.springframework.boot.test.autoconfigure.properties.PropertyMappingContextCustomizer@e7e8512, org.springframework.boot.test.autoconfigure.web.servlet.WebDriverContextCustomizerFactory$Customizer@2d63f57b, [ImportsContextCustomizer@134812ca key = [org.springframework.boot.test.autoconfigure.web.servlet.MockMvcAutoConfiguration, org.springframework.boot.test.autoconfigure.web.servlet.MockMvcSecurityAutoConfiguration, org.springframework.boot.test.autoconfigure.web.servlet.MockMvcWebClientAutoConfiguration, org.springframework.boot.test.autoconfigure.web.servlet.MockMvcWebDriverAutoConfiguration]], org.springframework.boot.test.context.filter.ExcludeFilterContextCustomizer@791c6263, org.springframework.boot.test.json.DuplicateJsonObjectContextCustomizerFactory$DuplicateJsonObjectContextCustomizer@4aab8560, org.springframework.boot.test.mock.mockito.MockitoContextCustomizer@0, org.springframework.boot.test.web.client.TestRestTemplateContextCustomizer@5b446c11], resourceBasePath = 'src/main/webapp', contextLoader = 'org.springframework.boot.test.context.SpringBootContextLoader', parent = [null]], attributes = map['org.springframework.test.context.web.ServletTestExecutionListener.activateListener' -> true]], class annotated with @DirtiesContext [false] with mode [null].
06:32:29.625 [Test worker] DEBUG org.springframework.test.annotation.ProfileValueUtils - Retrieved @ProfileValueSourceConfiguration [null] for test class [com.ceiba.biblioteca.infraestructura.ControladorLibroTest]
06:32:29.626 [Test worker] DEBUG org.springframework.test.annotation.ProfileValueUtils - Retrieved ProfileValueSource type [class org.springframework.test.annotation.SystemProfileValueSource] for class [com.ceiba.biblioteca.infraestructura.ControladorLibroTest]
06:32:29.708 [Test worker] DEBUG org.springframework.test.context.support.TestPropertySourceUtils - Adding inlined properties to environment: {spring.jmx.enabled=false, org.springframework.boot.test.context.SpringBootTestContextBootstrapper=true, server.port=-1}

  .   ____          _            __ _ _
 /\\ / ___'_ __ _ _(_)_ __  __ _ \ \ \ \
( ( )\___ | '_ | '_| | '_ \/ _` | \ \ \ \
 \\/  ___)| |_)| | | | | || (_| |  ) ) ) )
  '  |____| .__|_| |_|_| |_\__, | / / / /
 =========|_|==============|___/=/_/_/_/
 :: Spring Boot ::        (v2.1.8.RELEASE)

2020-10-30 06:32:45.791  INFO 1502 --- [    Test worker] c.c.b.i.ControladorLibroTest             : Starting ControladorLibroTest on Joses-iMac.local with PID 1502 (started by joalsaoss in /Users/joalsaoss/jobs/ceiba/biblioteca_prueba)
2020-10-30 06:32:45.793  INFO 1502 --- [    Test worker] c.c.b.i.ControladorLibroTest             : No active profile set, falling back to default profiles: default
2020-10-30 06:32:47.589  INFO 1502 --- [    Test worker] .s.d.r.c.RepositoryConfigurationDelegate : Bootstrapping Spring Data repositories in DEFAULT mode.
2020-10-30 06:32:47.724  INFO 1502 --- [    Test worker] .s.d.r.c.RepositoryConfigurationDelegate : Finished Spring Data repository scanning in 103ms. Found 0 repository interfaces.
2020-10-30 06:32:48.860  INFO 1502 --- [    Test worker] trationDelegate$BeanPostProcessorChecker : Bean 'org.springframework.transaction.annotation.ProxyTransactionManagementConfiguration' of type [org.springframework.transaction.annotation.ProxyTransactionManagementConfiguration$$EnhancerBySpringCGLIB$$c770fca7] is not eligible for getting processed by all BeanPostProcessors (for example: not eligible for auto-proxying)
2020-10-30 06:32:49.340  INFO 1502 --- [    Test worker] com.zaxxer.hikari.HikariDataSource       : HikariPool-1 - Starting...
2020-10-30 06:32:49.842  INFO 1502 --- [    Test worker] com.zaxxer.hikari.HikariDataSource       : HikariPool-1 - Start completed.
2020-10-30 06:32:50.094  INFO 1502 --- [    Test worker] o.hibernate.jpa.internal.util.LogHelper  : HHH000204: Processing PersistenceUnitInfo [
	name: default
	...]
2020-10-30 06:32:50.314  INFO 1502 --- [    Test worker] org.hibernate.Version                    : HHH000412: Hibernate Core {5.2.9.Final}
2020-10-30 06:32:50.321  INFO 1502 --- [    Test worker] org.hibernate.cfg.Environment            : HHH000206: hibernate.properties not found
2020-10-30 06:32:50.518  INFO 1502 --- [    Test worker] o.hibernate.annotations.common.Version   : HCANN000001: Hibernate Commons Annotations {5.0.1.Final}
2020-10-30 06:32:50.828  INFO 1502 --- [    Test worker] org.hibernate.dialect.Dialect            : HHH000400: Using dialect: org.hibernate.dialect.H2Dialect
2020-10-30 06:32:52.305  INFO 1502 --- [    Test worker] o.h.t.schema.internal.SchemaCreatorImpl  : HHH000476: Executing import script 'org.hibernate.tool.schema.internal.exec.ScriptSourceInputNonExistentImpl@1326006c'
2020-10-30 06:32:52.313  INFO 1502 --- [    Test worker] o.h.h.i.QueryTranslatorFactoryInitiator  : HHH000397: Using ASTQueryTranslatorFactory
2020-10-30 06:32:52.544  INFO 1502 --- [    Test worker] j.LocalContainerEntityManagerFactoryBean : Initialized JPA EntityManagerFactory for persistence unit 'default'
2020-10-30 06:32:53.447  WARN 1502 --- [    Test worker] aWebConfiguration$JpaWebMvcConfiguration : spring.jpa.open-in-view is enabled by default. Therefore, database queries may be performed during view rendering. Explicitly configure spring.jpa.open-in-view to disable this warning
2020-10-30 06:32:53.792  INFO 1502 --- [    Test worker] pertySourcedRequestMappingHandlerMapping : Mapped URL path [/v2/api-docs] onto method [public org.springframework.http.ResponseEntity<springfox.documentation.spring.web.json.Json> springfox.documentation.swagger2.web.Swagger2Controller.getDocumentation(java.lang.String,javax.servlet.http.HttpServletRequest)]
2020-10-30 06:32:54.569  INFO 1502 --- [    Test worker] o.s.s.concurrent.ThreadPoolTaskExecutor  : Initializing ExecutorService 'applicationTaskExecutor'
2020-10-30 06:32:55.107  INFO 1502 --- [    Test worker] o.s.b.t.m.w.SpringBootMockServletContext : Initializing Spring TestDispatcherServlet ''
2020-10-30 06:32:55.107  INFO 1502 --- [    Test worker] o.s.t.web.servlet.TestDispatcherServlet  : Initializing Servlet ''
2020-10-30 06:32:55.135  INFO 1502 --- [    Test worker] o.s.t.web.servlet.TestDispatcherServlet  : Completed initialization in 28 ms
2020-10-30 06:32:55.158  INFO 1502 --- [    Test worker] d.s.w.p.DocumentationPluginsBootstrapper : Context refreshed
2020-10-30 06:32:55.235  INFO 1502 --- [    Test worker] d.s.w.p.DocumentationPluginsBootstrapper : Found 1 custom documentation plugin(s)
2020-10-30 06:32:55.282  INFO 1502 --- [    Test worker] s.d.s.w.s.ApiListingReferenceScanner     : Scanning for api listing references
2020-10-30 06:32:55.603  INFO 1502 --- [    Test worker] c.c.b.i.ControladorLibroTest             : Started ControladorLibroTest in 25.84 seconds (JVM running for 33.855)

MockHttpServletRequest:
      HTTP Method = GET
      Request URI = /libros/PD1023
       Parameters = {}
          Headers = [Accept:"application/json"]
             Body = null
    Session Attrs = {}

Handler:
             Type = com.ceiba.biblioteca.infraestructura.controllador.ControladorLibro
           Method = public com.ceiba.biblioteca.dominio.Libro com.ceiba.biblioteca.infraestructura.controllador.ControladorLibro.buscar(java.lang.String)

Async:
    Async started = false
     Async result = null

Resolved Exception:
             Type = null

ModelAndView:
        View name = null
             View = null
            Model = null

FlashMap:
       Attributes = null

MockHttpServletResponse:
           Status = 200
    Error message = null
          Headers = [Content-Type:"application/json;charset=UTF-8"]
     Content type = application/json;charset=UTF-8
             Body = {"isbn":"PD1023","titulo":"MI PRIMER AMOR","anio":2020}
    Forwarded URL = null
   Redirected URL = null
          Cookies = []

MockHttpServletRequest:
      HTTP Method = GET
      Request URI = /libros/1234
       Parameters = {}
          Headers = [Accept:"application/json"]
             Body = null
    Session Attrs = {}

Handler:
             Type = com.ceiba.biblioteca.infraestructura.controllador.ControladorLibro
           Method = public com.ceiba.biblioteca.dominio.Libro com.ceiba.biblioteca.infraestructura.controllador.ControladorLibro.buscar(java.lang.String)

Async:
    Async started = false
     Async result = null

Resolved Exception:
             Type = null

ModelAndView:
        View name = null
             View = null
            Model = null

FlashMap:
       Attributes = null

MockHttpServletResponse:
           Status = 200
    Error message = null
          Headers = [Content-Type:"application/json;charset=UTF-8"]
     Content type = application/json;charset=UTF-8
             Body = {"isbn":"1234","titulo":"Cien años de soledad","anio":2010}
    Forwarded URL = null
   Redirected URL = null
          Cookies = []
]]></system-out>
  <system-err><![CDATA[]]></system-err>
</testsuite>
