<?xml version="1.0" encoding="UTF-8"?>
<testsuite name="com.ceiba.biblioteca.dominio.unitaria.LibroTest" tests="1" skipped="0" failures="0" errors="0" timestamp="2020-10-30T11:32:27" hostname="Joses-iMac.local" time="0.003">
  <properties/>
  <testcase name="crearLibroTest" classname="com.ceiba.biblioteca.dominio.unitaria.LibroTest" time="0.003"/>
  <system-out><![CDATA[]]></system-out>
  <system-err><![CDATA[]]></system-err>
</testsuite>
