<?xml version="1.0" encoding="UTF-8"?>
<testsuite name="com.ceiba.biblioteca.infraestructura.ControladorPrestamoTest" tests="1" skipped="0" failures="0" errors="0" timestamp="2020-10-30T11:32:56" hostname="Joses-iMac.local" time="0.116">
  <properties/>
  <testcase name="generarPrestamoLibro" classname="com.ceiba.biblioteca.infraestructura.ControladorPrestamoTest" time="0.116"/>
  <system-out><![CDATA[2020-10-30 06:32:56.424  INFO 1502 --- [    Test worker] .b.t.c.SpringBootTestContextBootstrapper : Neither @ContextConfiguration nor @ContextHierarchy found for test class [com.ceiba.biblioteca.infraestructura.ControladorPrestamoTest], using SpringBootContextLoader
2020-10-30 06:32:56.427  INFO 1502 --- [    Test worker] o.s.t.c.support.AbstractContextLoader    : Could not detect default resource locations for test class [com.ceiba.biblioteca.infraestructura.ControladorPrestamoTest]: no resource found for suffixes {-context.xml, Context.groovy}.
2020-10-30 06:32:56.428  INFO 1502 --- [    Test worker] t.c.s.AnnotationConfigContextLoaderUtils : Could not detect default configuration classes for test class [com.ceiba.biblioteca.infraestructura.ControladorPrestamoTest]: ControladorPrestamoTest does not declare any static, non-private, non-final, nested classes annotated with @Configuration.
2020-10-30 06:32:56.430  INFO 1502 --- [    Test worker] .b.t.c.SpringBootTestContextBootstrapper : Found @SpringBootConfiguration com.ceiba.biblioteca.BibliotecaApplication for test class com.ceiba.biblioteca.infraestructura.ControladorPrestamoTest
2020-10-30 06:32:56.432  INFO 1502 --- [    Test worker] .b.t.c.SpringBootTestContextBootstrapper : Loaded default TestExecutionListener class names from location [META-INF/spring.factories]: [org.springframework.boot.test.autoconfigure.restdocs.RestDocsTestExecutionListener, org.springframework.boot.test.autoconfigure.web.client.MockRestServiceServerResetTestExecutionListener, org.springframework.boot.test.autoconfigure.web.servlet.MockMvcPrintOnlyOnFailureTestExecutionListener, org.springframework.boot.test.autoconfigure.web.servlet.WebDriverTestExecutionListener, org.springframework.boot.test.mock.mockito.MockitoTestExecutionListener, org.springframework.boot.test.mock.mockito.ResetMocksTestExecutionListener, org.springframework.test.context.web.ServletTestExecutionListener, org.springframework.test.context.support.DirtiesContextBeforeModesTestExecutionListener, org.springframework.test.context.support.DependencyInjectionTestExecutionListener, org.springframework.test.context.support.DirtiesContextTestExecutionListener, org.springframework.test.context.transaction.TransactionalTestExecutionListener, org.springframework.test.context.jdbc.SqlScriptsTestExecutionListener]
2020-10-30 06:32:56.433  INFO 1502 --- [    Test worker] .b.t.c.SpringBootTestContextBootstrapper : Using TestExecutionListeners: [org.springframework.test.context.web.ServletTestExecutionListener@292dbf71, org.springframework.test.context.support.DirtiesContextBeforeModesTestExecutionListener@7d9240db, org.springframework.boot.test.mock.mockito.MockitoTestExecutionListener@27b0bfd4, org.springframework.boot.test.autoconfigure.SpringBootDependencyInjectionTestExecutionListener@67200fa6, org.springframework.test.context.support.DirtiesContextTestExecutionListener@23b2f204, org.springframework.test.context.transaction.TransactionalTestExecutionListener@4c49ea31, org.springframework.test.context.jdbc.SqlScriptsTestExecutionListener@6ea5a273, org.springframework.boot.test.autoconfigure.restdocs.RestDocsTestExecutionListener@91fcd3e, org.springframework.boot.test.autoconfigure.web.client.MockRestServiceServerResetTestExecutionListener@3d092ccb, org.springframework.boot.test.autoconfigure.web.servlet.MockMvcPrintOnlyOnFailureTestExecutionListener@3e924139, org.springframework.boot.test.autoconfigure.web.servlet.WebDriverTestExecutionListener@7d67caa2, org.springframework.boot.test.mock.mockito.ResetMocksTestExecutionListener@a668e0d]
]]></system-out>
  <system-err><![CDATA[]]></system-err>
</testsuite>
